0 info it worked if it ends with ok
1 verbose cli [ 'C:\\Program Files\\nodejs\\node.exe',
1 verbose cli   'C:\\Program Files\\nodejs\\node_modules\\npm\\bin\\npm-cli.js',
1 verbose cli   'run',
1 verbose cli   'babel' ]
2 info using npm@3.10.10
3 info using node@v6.11.2
4 verbose run-script [ 'prebabel', 'babel', 'postbabel' ]
5 info lifecycle cmdash@1.0.0~prebabel: cmdash@1.0.0
6 silly lifecycle cmdash@1.0.0~prebabel: no script for prebabel, continuing
7 info lifecycle cmdash@1.0.0~babel: cmdash@1.0.0
8 verbose lifecycle cmdash@1.0.0~babel: unsafe-perm in lifecycle true
9 verbose lifecycle cmdash@1.0.0~babel: PATH: C:\Program Files\nodejs\node_modules\npm\bin\node-gyp-bin;C:\xampp\htdocs\CMDash\node_modules\.bin;C:\WINDOWS\system32;C:\WINDOWS;C:\WINDOWS\System32\Wbem;C:\WINDOWS\System32\WindowsPowerShell\v1.0\;C:\Program Files\Git\cmd;C:\xampp\php;C:\ProgramData\ComposerSetup\bin;C:\Program Files\nodejs\;C:\Users\Milo\AppData\Local\Microsoft\WindowsApps;;C:\Program Files\Docker Toolbox;C:\Users\Milo\AppData\Roaming\Composer\vendor\bin;C:\Users\Milo\AppData\Roaming\npm
10 verbose lifecycle cmdash@1.0.0~babel: CWD: C:\xampp\htdocs\CMDash
11 silly lifecycle cmdash@1.0.0~babel: Args: [ '/d /s /c',
11 silly lifecycle   'babel --presets es2015 web/js/dashboard_dev.js -o web/js/build/dashboard.bundle.js' ]
12 silly lifecycle cmdash@1.0.0~babel: Returned: code: 1  signal: null
13 info lifecycle cmdash@1.0.0~babel: Failed to exec babel script
14 verbose stack Error: cmdash@1.0.0 babel: `babel --presets es2015 web/js/dashboard_dev.js -o web/js/build/dashboard.bundle.js`
14 verbose stack Exit status 1
14 verbose stack     at EventEmitter.<anonymous> (C:\Program Files\nodejs\node_modules\npm\lib\utils\lifecycle.js:255:16)
14 verbose stack     at emitTwo (events.js:106:13)
14 verbose stack     at EventEmitter.emit (events.js:191:7)
14 verbose stack     at ChildProcess.<anonymous> (C:\Program Files\nodejs\node_modules\npm\lib\utils\spawn.js:40:14)
14 verbose stack     at emitTwo (events.js:106:13)
14 verbose stack     at ChildProcess.emit (events.js:191:7)
14 verbose stack     at maybeClose (internal/child_process.js:891:16)
14 verbose stack     at Process.ChildProcess._handle.onexit (internal/child_process.js:226:5)
15 verbose pkgid cmdash@1.0.0
16 verbose cwd C:\xampp\htdocs\CMDash
17 error Windows_NT 10.0.15063
18 error argv "C:\\Program Files\\nodejs\\node.exe" "C:\\Program Files\\nodejs\\node_modules\\npm\\bin\\npm-cli.js" "run" "babel"
19 error node v6.11.2
20 error npm  v3.10.10
21 error code ELIFECYCLE
22 error cmdash@1.0.0 babel: `babel --presets es2015 web/js/dashboard_dev.js -o web/js/build/dashboard.bundle.js`
22 error Exit status 1
23 error Failed at the cmdash@1.0.0 babel script 'babel --presets es2015 web/js/dashboard_dev.js -o web/js/build/dashboard.bundle.js'.
23 error Make sure you have the latest version of node.js and npm installed.
23 error If you do, this is most likely a problem with the cmdash package,
23 error not with npm itself.
23 error Tell the author that this fails on your system:
23 error     babel --presets es2015 web/js/dashboard_dev.js -o web/js/build/dashboard.bundle.js
23 error You can get information on how to open an issue for this project with:
23 error     npm bugs cmdash
23 error Or if that isn't available, you can get their info via:
23 error     npm owner ls cmdash
23 error There is likely additional logging output above.
24 verbose exit [ 1, true ]
